# JRE version: OpenJDK Runtime Environment (8.0_152-b06) (build 1.8.0_152-release-1136-b06)
# Java VM: OpenJDK 64-Bit Server VM (25.152-b06 mixed mode windows-amd64 compressed oops)
Heap:
 PSYoungGen      total 494592K, used 102573K [0x00000000e0000000, 0x0000000100000000, 0x0000000100000000)
  eden space 468480K, 21% used [0x00000000e0000000,0x00000000e61aaec8,0x00000000fc980000)
  from space 26112K, 9% used [0x00000000fc980000,0x00000000fcc00888,0x00000000fe300000)
  to   space 25600K, 0% used [0x00000000fe700000,0x00000000fe700000,0x0000000100000000)
 ParOldGen       total 181248K, used 93764K [0x00000000a0000000, 0x00000000ab100000, 0x00000000e0000000)
  object space 181248K, 51% used [0x00000000a0000000,0x00000000a5b912b8,0x00000000ab100000)
 Metaspace       used 97677K, capacity 102613K, committed 102744K, reserved 1138688K
  class space    used 12102K, capacity 13135K, committed 13184K, reserved 1048576K
GC Heap History (10 events):
Event: 4108.537 GC heap before
{Heap before GC invocations=51 (full 4):
 PSYoungGen      total 402432K, used 374499K [0x00000000e0000000, 0x00000000fa900000, 0x0000000100000000)
  eden space 369664K, 100% used [0x00000000e0000000,0x00000000f6900000,0x00000000f6900000)
  from space 32768K, 14% used [0x00000000f8800000,0x00000000f8cb8c28,0x00000000fa800000)
  to   space 31744K, 0% used [0x00000000f6900000,0x00000000f6900000,0x00000000f8800000)
 ParOldGen       total 181248K, used 88557K [0x00000000a0000000, 0x00000000ab100000, 0x00000000e0000000)
  object space 181248K, 48% used [0x00000000a0000000,0x00000000a567b610,0x00000000ab100000)
 Metaspace       used 95845K, capacity 100627K, committed 100824K, reserved 1136640K
  class space    used 11898K, capacity 12918K, committed 13056K, reserved 1048576K
Event: 4108.557 GC heap after
Heap after GC invocations=51 (full 4):
 PSYoungGen      total 401408K, used 6160K [0x00000000e0000000, 0x00000000fdf00000, 0x0000000100000000)
  eden space 369664K, 0% used [0x00000000e0000000,0x00000000e0000000,0x00000000f6900000)
  from space 31744K, 19% used [0x00000000f6900000,0x00000000f6f04148,0x00000000f8800000)
  to   space 30208K, 0% used [0x00000000fc180000,0x00000000fc180000,0x00000000fdf00000)
 ParOldGen       total 181248K, used 89388K [0x00000000a0000000, 0x00000000ab100000, 0x00000000e0000000)
  object space 181248K, 49% used [0x00000000a0000000,0x00000000a574b048,0x00000000ab100000)
 Metaspace       used 95845K, capacity 100627K, committed 100824K, reserved 1136640K
  class space    used 11898K, capacity 12918K, committed 13056K, reserved 1048576K
}
Event: 4109.461 GC heap before
{Heap before GC invocations=52 (full 4):
 PSYoungGen      total 401408K, used 375824K [0x00000000e0000000, 0x00000000fdf00000, 0x0000000100000000)
  eden space 369664K, 100% used [0x00000000e0000000,0x00000000f6900000,0x00000000f6900000)
  from space 31744K, 19% used [0x00000000f6900000,0x00000000f6f04148,0x00000000f8800000)
  to   space 30208K, 0% used [0x00000000fc180000,0x00000000fc180000,0x00000000fdf00000)
 ParOldGen       total 181248K, used 89388K [0x00000000a0000000, 0x00000000ab100000, 0x00000000e0000000)
  object space 181248K, 49% used [0x00000000a0000000,0x00000000a574b048,0x00000000ab100000)
 Metaspace       used 95908K, capacity 100691K, committed 101080K, reserved 1136640K
  class space    used 11899K, capacity 12918K, committed 13056K, reserved 1048576K
Event: 4109.475 GC heap after
Heap after GC invocations=52 (full 4):
 PSYoungGen      total 457216K, used 7137K [0x00000000e0000000, 0x00000000fdc00000, 0x0000000100000000)
  eden space 430080K, 0% used [0x00000000e0000000,0x00000000e0000000,0x00000000fa400000)
  from space 27136K, 26% used [0x00000000fc180000,0x00000000fc878698,0x00000000fdc00000)
  to   space 28672K, 0% used [0x00000000fa400000,0x00000000fa400000,0x00000000fc000000)
 ParOldGen       total 181248K, used 90180K [0x00000000a0000000, 0x00000000ab100000, 0x00000000e0000000)
  object space 181248K, 49% used [0x00000000a0000000,0x00000000a5811170,0x00000000ab100000)
 Metaspace       used 95908K, capacity 100691K, committed 101080K, reserved 1136640K
  class space    used 11899K, capacity 12918K, committed 13056K, reserved 1048576K
}
Event: 4116.253 GC heap before
{Heap before GC invocations=53 (full 4):
 PSYoungGen      total 457216K, used 437217K [0x00000000e0000000, 0x00000000fdc00000, 0x0000000100000000)
  eden space 430080K, 100% used [0x00000000e0000000,0x00000000fa400000,0x00000000fa400000)
  from space 27136K, 26% used [0x00000000fc180000,0x00000000fc878698,0x00000000fdc00000)
  to   space 28672K, 0% used [0x00000000fa400000,0x00000000fa400000,0x00000000fc000000)
 ParOldGen       total 181248K, used 90180K [0x00000000a0000000, 0x00000000ab100000, 0x00000000e0000000)
  object space 181248K, 49% used [0x00000000a0000000,0x00000000a5811170,0x00000000ab100000)
 Metaspace       used 96304K, capacity 101099K, committed 101336K, reserved 1138688K
  class space    used 11927K, capacity 12934K, committed 13056K, reserved 1048576K
Event: 4116.262 GC heap after
Heap after GC invocations=53 (full 4):
 PSYoungGen      total 458752K, used 8275K [0x00000000e0000000, 0x00000000ffe80000, 0x0000000100000000)
  eden space 430080K, 0% used [0x00000000e0000000,0x00000000e0000000,0x00000000fa400000)
  from space 28672K, 28% used [0x00000000fa400000,0x00000000fac14e08,0x00000000fc000000)
  to   space 27136K, 0% used [0x00000000fe400000,0x00000000fe400000,0x00000000ffe80000)
 ParOldGen       total 181248K, used 91070K [0x00000000a0000000, 0x00000000ab100000, 0x00000000e0000000)
  object space 181248K, 50% used [0x00000000a0000000,0x00000000a58ef878,0x00000000ab100000)
 Metaspace       used 96304K, capacity 101099K, committed 101336K, reserved 1138688K
  class space    used 11927K, capacity 12934K, committed 13056K, reserved 1048576K
}
Event: 4121.009 GC heap before
{Heap before GC invocations=54 (full 4):
 PSYoungGen      total 458752K, used 438355K [0x00000000e0000000, 0x00000000ffe80000, 0x0000000100000000)
  eden space 430080K, 100% used [0x00000000e0000000,0x00000000fa400000,0x00000000fa400000)
  from space 28672K, 28% used [0x00000000fa400000,0x00000000fac14e08,0x00000000fc000000)
  to   space 27136K, 0% used [0x00000000fe400000,0x00000000fe400000,0x00000000ffe80000)
 ParOldGen       total 181248K, used 91070K [0x00000000a0000000, 0x00000000ab100000, 0x00000000e0000000)
  object space 181248K, 50% used [0x00000000a0000000,0x00000000a58ef878,0x00000000ab100000)
 Metaspace       used 97160K, capacity 102053K, committed 102232K, reserved 1138688K
  class space    used 12028K, capacity 13039K, committed 13184K, reserved 1048576K
Event: 4121.019 GC heap after
Heap after GC invocations=54 (full 4):
 PSYoungGen      total 493568K, used 5600K [0x00000000e0000000, 0x00000000ffc80000, 0x0000000100000000)
  eden space 468480K, 0% used [0x00000000e0000000,0x00000000e0000000,0x00000000fc980000)
  from space 25088K, 22% used [0x00000000fe400000,0x00000000fe9780d0,0x00000000ffc80000)
  to   space 26112K, 0% used [0x00000000fc980000,0x00000000fc980000,0x00000000fe300000)
 ParOldGen       total 181248K, used 92152K [0x00000000a0000000, 0x00000000ab100000, 0x00000000e0000000)
  object space 181248K, 50% used [0x00000000a0000000,0x00000000a59fe0b8,0x00000000ab100000)
 Metaspace       used 97160K, capacity 102053K, committed 102232K, reserved 1138688K
  class space    used 12028K, capacity 13039K, committed 13184K, reserved 1048576K
}
Event: 4121.567 GC heap before
{Heap before GC invocations=55 (full 4):
 PSYoungGen      total 493568K, used 473723K [0x00000000e0000000, 0x00000000ffc80000, 0x0000000100000000)
  eden space 468480K, 99% used [0x00000000e0000000,0x00000000fc926bf0,0x00000000fc980000)
  from space 25088K, 22% used [0x00000000fe400000,0x00000000fe9780d0,0x00000000ffc80000)
  to   space 26112K, 0% used [0x00000000fc980000,0x00000000fc980000,0x00000000fe300000)
 ParOldGen       total 181248K, used 92152K [0x00000000a0000000, 0x00000000ab100000, 0x00000000e0000000)
  object space 181248K, 50% used [0x00000000a0000000,0x00000000a59fe0b8,0x00000000ab100000)
 Metaspace       used 97244K, capacity 102069K, committed 102232K, reserved 1138688K
  class space    used 12028K, capacity 13039K, committed 13184K, reserved 1048576K
Event: 4121.572 GC heap after
Heap after GC invocations=55 (full 4):
 PSYoungGen      total 494592K, used 2562K [0x00000000e0000000, 0x0000000100000000, 0x0000000100000000)
  eden space 468480K, 0% used [0x00000000e0000000,0x00000000e0000000,0x00000000fc980000)
  from space 26112K, 9% used [0x00000000fc980000,0x00000000fcc00888,0x00000000fe300000)
  to   space 25600K, 0% used [0x00000000fe700000,0x00000000fe700000,0x0000000100000000)
 ParOldGen       total 181248K, used 93764K [0x00000000a0000000, 0x00000000ab100000, 0x00000000e0000000)
  object space 181248K, 51% used [0x00000000a0000000,0x00000000a5b912b8,0x00000000ab100000)
 Metaspace       used 97244K, capacity 102069K, committed 102232K, reserved 1138688K
  class space    used 12028K, capacity 13039K, committed 13184K, reserved 1048576K
}

